# JRE version: OpenJDK Runtime Environment (8.0_76-b03) (build 1.8.0_76-release-b03)
# Java VM: OpenJDK 64-Bit Server VM (25.76-b03 mixed mode windows-amd64 compressed oops)
Heap:
 PSYoungGen      total 931840K, used 607991K [0x000000076ab00000, 0x00000007c0000000, 0x00000007c0000000)
  eden space 465920K, 65% used [0x000000076ab00000,0x000000077d3519e0,0x0000000787200000)
  from space 465920K, 65% used [0x0000000787200000,0x0000000799b6c610,0x00000007a3900000)
  to   space 465920K, 0% used [0x00000007a3900000,0x00000007a3900000,0x00000007c0000000)
 ParOldGen       total 2796544K, used 2410035K [0x00000006c0000000, 0x000000076ab00000, 0x000000076ab00000)
  object space 2796544K, 86% used [0x00000006c0000000,0x000000075318cdb8,0x000000076ab00000)
 Metaspace       used 93448K, capacity 97014K, committed 97280K, reserved 1134592K
  class space    used 11498K, capacity 12254K, committed 12288K, reserved 1048576K
GC Heap History (10 events):
Event: 500.661 GC heap before
{Heap before GC invocations=133 (full 20):
 PSYoungGen      total 879104K, used 654398K [0x000000076ab00000, 0x00000007b9d00000, 0x00000007c0000000)
  eden space 496640K, 100% used [0x000000076ab00000,0x0000000789000000,0x0000000789000000)
  from space 382464K, 41% used [0x00000007a2780000,0x00000007ac18fa20,0x00000007b9d00000)
  to   space 399872K, 0% used [0x0000000789000000,0x0000000789000000,0x00000007a1680000)
 ParOldGen       total 2796544K, used 2383435K [0x00000006c0000000, 0x000000076ab00000, 0x000000076ab00000)
  object space 2796544K, 85% used [0x00000006c0000000,0x0000000751792db8,0x000000076ab00000)
 Metaspace       used 93106K, capacity 96662K, committed 97024K, reserved 1134592K
  class space    used 11461K, capacity 12222K, committed 12288K, reserved 1048576K
Event: 500.850 GC heap after
Heap after GC invocations=133 (full 20):
 PSYoungGen      total 896512K, used 201175K [0x000000076ab00000, 0x00000007bb500000, 0x00000007c0000000)
  eden space 496640K, 0% used [0x000000076ab00000,0x000000076ab00000,0x0000000789000000)
  from space 399872K, 50% used [0x0000000789000000,0x0000000795475c48,0x00000007a1680000)
  to   space 396288K, 0% used [0x00000007a3200000,0x00000007a3200000,0x00000007bb500000)
 ParOldGen       total 2796544K, used 2383435K [0x00000006c0000000, 0x000000076ab00000, 0x000000076ab00000)
  object space 2796544K, 85% used [0x00000006c0000000,0x0000000751792db8,0x000000076ab00000)
 Metaspace       used 93106K, capacity 96662K, committed 97024K, reserved 1134592K
  class space    used 11461K, capacity 12222K, committed 12288K, reserved 1048576K
}
Event: 501.365 GC heap before
{Heap before GC invocations=134 (full 20):
 PSYoungGen      total 896512K, used 697815K [0x000000076ab00000, 0x00000007bb500000, 0x00000007c0000000)
  eden space 496640K, 100% used [0x000000076ab00000,0x0000000789000000,0x0000000789000000)
  from space 399872K, 50% used [0x0000000789000000,0x0000000795475c48,0x00000007a1680000)
  to   space 396288K, 0% used [0x00000007a3200000,0x00000007a3200000,0x00000007bb500000)
 ParOldGen       total 2796544K, used 2383435K [0x00000006c0000000, 0x000000076ab00000, 0x000000076ab00000)
  object space 2796544K, 85% used [0x00000006c0000000,0x0000000751792db8,0x000000076ab00000)
 Metaspace       used 93106K, capacity 96662K, committed 97024K, reserved 1134592K
  class space    used 11461K, capacity 12222K, committed 12288K, reserved 1048576K
Event: 501.877 GC heap after
Heap after GC invocations=134 (full 20):
 PSYoungGen      total 911360K, used 250525K [0x000000076ab00000, 0x00000007bd480000, 0x00000007c0000000)
  eden space 515072K, 0% used [0x000000076ab00000,0x000000076ab00000,0x000000078a200000)
  from space 396288K, 63% used [0x00000007a3200000,0x00000007b26a77b0,0x00000007bb500000)
  to   space 409600K, 0% used [0x000000078a200000,0x000000078a200000,0x00000007a3200000)
 ParOldGen       total 2796544K, used 2383443K [0x00000006c0000000, 0x000000076ab00000, 0x000000076ab00000)
  object space 2796544K, 85% used [0x00000006c0000000,0x0000000751794db8,0x000000076ab00000)
 Metaspace       used 93106K, capacity 96662K, committed 97024K, reserved 1134592K
  class space    used 11461K, capacity 12222K, committed 12288K, reserved 1048576K
}
Event: 502.631 GC heap before
{Heap before GC invocations=135 (full 20):
 PSYoungGen      total 911360K, used 765597K [0x000000076ab00000, 0x00000007bd480000, 0x00000007c0000000)
  eden space 515072K, 100% used [0x000000076ab00000,0x000000078a200000,0x000000078a200000)
  from space 396288K, 63% used [0x00000007a3200000,0x00000007b26a77b0,0x00000007bb500000)
  to   space 409600K, 0% used [0x000000078a200000,0x000000078a200000,0x00000007a3200000)
 ParOldGen       total 2796544K, used 2383443K [0x00000006c0000000, 0x000000076ab00000, 0x000000076ab00000)
  object space 2796544K, 85% used [0x00000006c0000000,0x0000000751794db8,0x000000076ab00000)
 Metaspace       used 93106K, capacity 96662K, committed 97024K, reserved 1134592K
  class space    used 11461K, capacity 12222K, committed 12288K, reserved 1048576K
Event: 502.927 GC heap after
Heap after GC invocations=135 (full 20):
 PSYoungGen      total 924672K, used 293574K [0x000000076ab00000, 0x00000007c0000000, 0x00000007c0000000)
  eden space 515072K, 0% used [0x000000076ab00000,0x000000076ab00000,0x000000078a200000)
  from space 409600K, 71% used [0x000000078a200000,0x000000079c0b1900,0x00000007a3200000)
  to   space 435200K, 0% used [0x00000007a5700000,0x00000007a5700000,0x00000007c0000000)
 ParOldGen       total 2796544K, used 2383443K [0x00000006c0000000, 0x000000076ab00000, 0x000000076ab00000)
  object space 2796544K, 85% used [0x00000006c0000000,0x0000000751794db8,0x000000076ab00000)
 Metaspace       used 93106K, capacity 96662K, committed 97024K, reserved 1134592K
  class space    used 11461K, capacity 12222K, committed 12288K, reserved 1048576K
}
Event: 503.445 GC heap before
{Heap before GC invocations=136 (full 20):
 PSYoungGen      total 924672K, used 808646K [0x000000076ab00000, 0x00000007c0000000, 0x00000007c0000000)
  eden space 515072K, 100% used [0x000000076ab00000,0x000000078a200000,0x000000078a200000)
  from space 409600K, 71% used [0x000000078a200000,0x000000079c0b1900,0x00000007a3200000)
  to   space 435200K, 0% used [0x00000007a5700000,0x00000007a5700000,0x00000007c0000000)
 ParOldGen       total 2796544K, used 2383443K [0x00000006c0000000, 0x000000076ab00000, 0x000000076ab00000)
  object space 2796544K, 85% used [0x00000006c0000000,0x0000000751794db8,0x000000076ab00000)
 Metaspace       used 93106K, capacity 96662K, committed 97024K, reserved 1134592K
  class space    used 11461K, capacity 12222K, committed 12288K, reserved 1048576K
Event: 503.854 GC heap after
Heap after GC invocations=136 (full 20):
 PSYoungGen      total 901120K, used 340478K [0x000000076ab00000, 0x00000007c0000000, 0x00000007c0000000)
  eden space 465920K, 0% used [0x000000076ab00000,0x000000076ab00000,0x0000000787200000)
  from space 435200K, 78% used [0x00000007a5700000,0x00000007ba37fae8,0x00000007c0000000)
  to   space 465920K, 0% used [0x0000000787200000,0x0000000787200000,0x00000007a3900000)
 ParOldGen       total 2796544K, used 2383443K [0x00000006c0000000, 0x000000076ab00000, 0x000000076ab00000)
  object space 2796544K, 85% used [0x00000006c0000000,0x0000000751794db8,0x000000076ab00000)
 Metaspace       used 93106K, capacity 96662K, committed 97024K, reserved 1134592K
  class space    used 11461K, capacity 12222K, committed 12288K, reserved 1048576K
}
Event: 508.325 GC heap before
{Heap before GC invocations=137 (full 20):
 PSYoungGen      total 901120K, used 806398K [0x000000076ab00000, 0x00000007c0000000, 0x00000007c0000000)
  eden space 465920K, 100% used [0x000000076ab00000,0x0000000787200000,0x0000000787200000)
  from space 435200K, 78% used [0x00000007a5700000,0x00000007ba37fae8,0x00000007c0000000)
  to   space 465920K, 0% used [0x0000000787200000,0x0000000787200000,0x00000007a3900000)
 ParOldGen       total 2796544K, used 2383443K [0x00000006c0000000, 0x000000076ab00000, 0x000000076ab00000)
  object space 2796544K, 85% used [0x00000006c0000000,0x0000000751794db8,0x000000076ab00000)
 Metaspace       used 93108K, capacity 96662K, committed 97024K, reserved 1134592K
  class space    used 11461K, capacity 12222K, committed 12288K, reserved 1048576K
Event: 508.838 GC heap after
Heap after GC invocations=137 (full 20):
 PSYoungGen      total 931840K, used 304561K [0x000000076ab00000, 0x00000007c0000000, 0x00000007c0000000)
  eden space 465920K, 0% used [0x000000076ab00000,0x000000076ab00000,0x0000000787200000)
  from space 465920K, 65% used [0x0000000787200000,0x0000000799b6c610,0x00000007a3900000)
  to   space 465920K, 0% used [0x00000007a3900000,0x00000007a3900000,0x00000007c0000000)
 ParOldGen       total 2796544K, used 2410035K [0x00000006c0000000, 0x000000076ab00000, 0x000000076ab00000)
  object space 2796544K, 86% used [0x00000006c0000000,0x000000075318cdb8,0x000000076ab00000)
 Metaspace       used 93108K, capacity 96662K, committed 97024K, reserved 1134592K
  class space    used 11461K, capacity 12222K, committed 12288K, reserved 1048576K
}

